<?xml version="1.0" encoding="UTF-8"?>
<!-- Generated by org.testng.reporters.JUnitXMLReporter -->
<testsuite ignored="0" hostname="DESKTOP-Q7S0LT0" failures="0" tests="10" name="Default test" time="203.536" errors="0" timestamp="2024-07-16T18:37:03 IST">
  <testcase classname="CreatingProjectTest" name="creatingProjectTest" time="106.303"/>
  <testcase classname="CreatingProjectTest" name="creatingProjectTest" time="1.512"/>
  <testcase classname="CreatingProjectTest" name="creatingProjectTest" time="2.023"/>
  <testcase classname="CreatingProjectTest" name="creatingProjectTest" time="1.55"/>
  <testcase classname="CreatingProjectTest" name="creatingProjectTest" time="1.427"/>
  <testcase classname="CreatingProjectTest" name="creatingProjectTest" time="1.171"/>
  <testcase classname="CreatingProjectTest" name="creatingProjectTest" time="1.236"/>
  <testcase classname="CreatingProjectTest" name="creatingProjectTest" time="1.152"/>
  <testcase classname="CreatingProjectTest" name="creatingProjectTest" time="1.237"/>
  <testcase classname="CreatingProjectTest" name="creatingProjectTest" time="0.968"/>
</testsuite> <!-- Default test -->
